359574831
698364055
849804771
454879465
472490813
516671978
552940538
717934442
382677123
465429362
664775388
87421596
332632334
755263535
778039934
101780343
604435527
968657347
110447132
532444334
676902359
842684382
878872944
894330222
4090680
524685664
624892919
209188624
515640128
98336776
550614694
940394845
477272498
553753949
562009154
620902958
649815738
978492482
177343056
186860260
809237550
889276760
151505678
206104366
559407311
996235609
69751022
70483655
111254177
336327746
671299810
107979723
424102985
489498335
669080287
183639956
641341858
798636787
51541385
363568351
406995269
628979879
824751647
200782295
250051151
463871573
504195410
629309410
782098406
837668781
149384242
544502925
707418790
814075396
143786811
486167962
39849179
242001591
430050021
439984306
116816235
471766881
927246147
976972523
137735921
439476157
872434877
61853154
209932239
254838189
436522489
663971587
761129457
865451409
946235987
133887788
241026314
327161496
828364980
75514733
