541
86
696
0
1063
953
0
494
43
914
1156
738
1006
383
0
634
215
549
707
0
67
794
96
694
0
0
245
1044
618
263
170
1118
417
514
389
0
676
642
714
115
149
310
618
646
631
274
694
834
777
336
0
48
35
645
0
851
294
0
503
395
1469
727
0
584
1205
1022
858
1421
518
492
106
435
290
114
0
1118
295
639
260
491
270
219
178
382
412
1044
1165
104
40
57
401
412
182
414
211
619
1486
0
256
270
0
733
1159
954
892
868
454
483
160
732
280
512
775
438
733
514
446
516
119
695
0
268
211
56
783
746
0
1477
1489
0
438
1229
768
4
537
976
0
652
390
364
877
111
557
1312
540
0
36
398
571
594
374
182
0
172
452
601
90
115
0
619
109
635
908
456
0
794
0
42
870
351
864
0
60
565
760
186
444
348
302
203
0
157
0
541
332
1438
627
0
52
322
256
271
49
36
472
0
132
167
457
0
1445
695
74
0
1353
590
44
643
1095
300
53
411
468
716
364
464
788
130
563
510
0
139
1277
71
710
969
1133
132
0
0
120
64
656
390
397
181
1431
529
1121
605
755
109
18
275
642
1380
0
407
384
749
1300
558
279
49
0
481
667
932
342
152
0
225
403
568
0
151
914
458
370
728
413
607
711
485
947
200
1181
473
199
84
726
81
98
0
554
743
393
463
125
0
710
72
864
0
0
716
188
814
347
1342
109
540
942
0
55
778
1120
747
76
1416
7
127
0
583
688
109
331
0
721
827
563
213
1141
46
114
1132
814
322
492
407
1073
551
398
1474
0
119
916
0
60
854
398
519
521
454
330
0
1104
309
724
1129
429
592
259
388
450
884
366
1128
96
785
275
325
631
14
549
660
648
302
537
0
778
0
628
930
538
600
202
734
644
631
548
1138
295
363
0
0
73
105
1100
983
1106
546
0
810
645
283
96
524
74
573
0
736
528
151
658
844
94
0
0
177
708
0
1246
174
620
959
1006
1148
288
1432
266
80
373
262
150
25
54
0
1108
868
0
155
793
362
695
568
406
372
710
560
979
389
276
0
819
522
845
64
0
235
820
82
0
536
78
365
50
664
778
237
537
530
702
0
851
921
0
1238
1205
0
141
662
685
389
169
690
370
67
1088
672
69
579
455
0
788
186
343
317
174
506
270
930
465
1018
907
293
1174
1476
289
635
540
94
0
541
722
86
530
0
1274
126
499
13
1398
478
1142
623
398
0
367
1285
1209
360
698
192
646
389
587
861
1408
210
872
356
634
248
568
531
1429
411
88
386
1054
1003
0
168
548
241
854
264
784
0
631
1034
464
351
479
524
732
466
113
40
311
0
94
344
602
0
636
0
103
48
0
1248
1199
143
0
804
456
724
133
862
0
158
4
869
45
651
818
601
505
163
0
275
551
0
556
1105
22
0
317
279
161
179
754
752
809
956
884
223
132
903
1388
0
653
759
378
445
684
1098
1072
458
175
0
908
550
328
0
133
61
148
488
323
62
511
791
1156
1045
0
177
1286
0
601
888
793
1342
671
225
508
76
0
325
153
20
1055
462
670
899
1459
70
112
889
160
140
199
514
898
0
489
220
569
401
686
0
465
250
0
0
721
154
158
611
1442
325
0
856
547
890
949
305
665
602
336
147
982
0
333
26
309
495
510
0
289
216
773
744
84
0
11
424
352
623
309
436
0
690
1420
42
687
665
38
0
1174
1033
17
259
394
267
20
1219
371
736
0
492
818
440
305
907
666
0
1324
1189
454
0
679
281
222
757
421
1089
1212
749
176
0
100
517
794
705
13
976
772
23
435
5
652
124
0
227
257
350
483
97
249
976
146
1210
494
22
221
619
1083
492
0
358
802
0
0
26
592
854
0
488
219
12
244
648
728
520
651
0
1292
69
428
1022
720
544
0
898
443
15
452
0
26
549
333
1250
0
198
1174
805
661
586
312
1168
275
177
475
43
696
1267
91
687
387
560
744
225
470
919
331
551
458
68
335
178
856
0
1247
301
0
323
115
111
0
493
619
567
9
790
1121
544
0
930
191
1182
360
242
104
0
174
1243
151
67
290
349
1248
418
442
430
26
980
888
176
1076
1094
28
698
786
180
632
1362
52
0
1077
435
12
84
740
1099
10
1369
433
383
1195
381
1493
573
232
963
0
250
595
1138
0
605
272
252
803
143
301
170
302
1077
1177
710
1479
656
170
499
923
801
569
661
0
474
1039
0
1356
39
116
256
472
0
866
17
1194
447
602
975
390
50
78
0
1185
684
0
286
542
841
1090
441
877
143
431
682
573
284
367
292
84
710
675
910
61
96
1338
706
779
603
347
0
259
856
476
1471
490
715
195
0
888
367
0
1408
878
562
20
60
323
273
651
63
0
614395
