573
0
367
138
836
0
59
321
333
0
364
0
123
1461
440
954
328
800
52
1014
1226
747
241
625
1074
119
2
612
650
101
863
846
989
992
62
228
851
1449
153
448
867
0
0
193
0
905
656
0
620
200
595
400
592
428
625
989
0
88
54
451
1009
325
509
71
0
818
602
139
40
681
441
211
429
1312
866
359
854
662
1030
534
598
546
0
1181
1413
642
664
805
552
0
64
71
30
544
0
954
1036
0
456
632
19
62
603
1059
825
125
485
171
438
199
921
504
1275
128
1112
1081
586
98
783
0
122
260
826
632
859
343
422
379
1101
124
0
77
233
442
460
258
680
1403
34
472
0
47
1175
398
490
124
442
910
638
726
389
566
1026
782
1373
0
0
0
831
84
906
581
76
343
147
79
0
525
753
847
0
865
872
531
233
420
71
523
408
766
1161
173
297
69
481
111
51
755
518
565
450
208
619
0
963
486
217
1277
390
372
21
330
1152
0
674
0
0
0
744
1117
396
630
617
754
1116
0
324
447
829
405
261
347
126
332
0
188
429
515
352
403
624
611
460
0
648
402
1085
0
77
189
0
25
946
340
581
61
1047
283
964
0
0
397
796
696
496
468
602
0
0
703
115
662
34
0
82
301
666
0
1229
225
331
782
941
684
603
698
1157
0
591
330
535
465
343
670
785
146
811
77
0
310
423
336
415
380
757
0
434
895
775
750
586
0
608
0
0
582
979
1210
1190
862
158
260
0
610
708
370
882
582
354
0
318
1070
285
390
39
0
1467
527
86
76
154
142
538
417
261
235
722
453
385
158
1458
671
859
159
0
387
507
178
0
924
458
570
290
0
96
153
235
49
657
208
968
724
718
315
1256
585
692
0
827
529
109
0
790
918
1110
126
67
429
0
1300
821
740
690
232
1272
606
850
442
0
598
108
726
579
0
244
199
470
0
448
1263
139
410
133
227
8
23
186
145
653
224
721
279
662
391
0
1159
561
642
609
0
725
846
361
0
695
50
1157
632
534
571
322
124
442
0
170
933
438
144
0
440
0
0
0
620
422
466
300
433
284
1014
267
402
884
579
42
0
933
633
760
416
860
0
1011
414
548
649
451
246
116
200
9
710
0
162
1318
725
920
419
144
1198
690
603
1328
0
339
692
219
110
584
0
370
286
0
384
423
169
562
679
3
631
0
252
733
472
859
788
110
685
490
698
484
292
866
767
456
71
643
1261
985
36
1111
48
119
622
153
235
735
614
340
395
646
0
511
395
719
697
0
0
522
1094
585
554
819
559
170
0
193
379
980
0
449
0
1434
587
850
731
655
752
620
908
0
1388
0
110
470
102
889
806
0
662
703
605
972
0
0
156
657
691
0
0
92
0
663
378
500
491
370
742
79
55
680
0
87
0
1116
945
28
544
131
1463
741
613
195
326
611
399
116
469
308
326
1489
56
572
0
366
519
1406
761
371
337
71
1117
47
792
764
23
735
211
505
982
188
796
1039
118
160
224
1144
107
115
536
108
189
13
504
545
132
0
0
619
224
181
340
572
756
356
0
515
1011
78
670
74
0
15
82
709
0
397
928
900
293
520
0
813
1081
287
939
279
530
724
481
0
630
0
497
0
668
642
642
10
49
649
946
1045
1059
509
769
564
1137
431
391
1020
1286
975
15
888
706
363
823
587
0
1484
0
74
271
568
127
177
485
427
539
11
572
0
1158
1171
245
0
110
0
401
0
1458
60
8
0
324
804
533
182
986
0
905
565
310
684
343
549
498
717
956
0
435
607
0
0
867
942
1301
0
923
0
365
98
0
394
834
296
25
382
706
0
198
0
607
0
1304
397
39
772
848
73
1111
545
208
683
393
1424
277
590
1348
553
811
0
1174
269
297
19
0
124
1104
177
415
274
0
994
1048
503
536
170
0
0
36
189
144
1178
532
0
446
835
734
578
1082
327
166
0
288
158
1231
183
143
836
1346
776
1352
9
375
208
55
0
1093
560
1509
345
480
0
1292
342
872
78
232
414
1168
783
596
0
518
599
1441
341
679
790
652
185
1118
647
0
0
1206
725
110
240
256
0
291
133
155
325
1085
856
276
326
595
91
376
544
4
1068
0
496
483
40
494
568
925
454
217
224
493
742
730
459
405
301
511
100
0
672
641
1221
761
0
1123
1488
1064
0
666
601
786
924
278
700
0
837
646
672
1068
0
88
659
0
0
1452
1225
337
593
251
736
620
35
465
912
0
693
760
774
1344
785
1230
598
1261
360
912
302
279
462
786
0
110
211
0
453
807
663
719
899
360
503
0
8
71
345
620
454
1190
768
659
432
792
132
1376
979
261
75
270
116
1048
0
415
513
181
128
132
1123
958
38
687
536
815
1037
609434
