169539101
951279701
169957700
338042975
998372398
338327037
673167951
959194792
235055142
391996603
976546315
858926284
263314842
970694423
78325624
582009245
957961349
45662312
889076153
455104524
774268346
7738230
243999090
442984846
122913031
249935917
987415331
447451571
798112546
519419558
478989845
62197086
859847758
974115912
782282380
177901339
698550031
246545645
568000644
797776016
188815216
938224001
627310717
243618425
24622471
146152518
129002744
733935902
179336783
127253130
646493560
736505893
152731728
343032700
679538666
989027424
335429268
683945765
793515794
478515830
181915060
497672557
710891863
61078300
876014838
822813159
581962248
245364164
301258464
488926139
714444936
214453931
300808103
436432413
82897020
80388551
488071616
798061630
579597713
327811648
32258349
958396076
630116260
429476343
396753696
605492553
255336900
216303017
320982425
844883270
513978830
258790295
538796600
993500372
62907086
319788907
812922151
373495776
604517968
29373792
625907198
633757470
643740516
672608691
18644629
605826907
195333359
655594673
298583053
366449854
941517000
682261514
39588931
425641408
525128275
123201010
33058495
102492751
395991787
634641392
37465848
558678643
550066690
530577974
711659721
266865150
414157675
689970767
615042403
469225618
94439264
361550240
753750611
570150369
569986560
391079910
581385190
362291289
449432791
168502215
983145040
891678030
908344758
872218558
671173443
940151395
332686141
563100867
407514352
468497401
240335681
199927111
76030906
251867133
801595605
835822262
731219477
664391793
131188982
120081550
121114958
794826301
915936899
915329008
576242028
980597415
253718620
956349455
693784570
445988698
526030941
930319574
535488404
827929152
776523690
4676371
364848827
197019748
350239151
257014235
76012889
154673269
791913733
256761160
664074205
687503031
516399738
944939479
584818357
348372955
131946606
797860822
401840728
311174680
760983119
897349833
123078650
339297495
348361577
305846635
821799651
551054628
460369420
641240736
295120065
840762433
159959142
622408356
555149586
70905298
682332428
710316300
223103568
53295796
989563816
124711866
72321070
494023186
345539054
520685841
637918203
147399600
425074090
878139495
634379966
611497068
609271727
302855789
312960118
3936076
595969138
111599518
780425327
539982293
906994162
203033217
613486689
300439325
399669690
543342957
659465129
70761649
360300086
70479458
408285963
394634032
550527270
750633673
102898148
977753517
712757120
261450107
366584541
145302392
847440852
758427648
976311745
907267422
349152336
3614588
191904082
44337189
743606657
407586813
176098687
447044132
172498360
799879324
404296957
866757921
697191077
635805311
327899370
789805787
318218520
132793287
436528235
123364102
728385727
215086684
411147018
741227711
312648962
270195049
470783784
930663896
940655599
391837371
607588226
756685681
799595187
715606845
550375733
322201513
809148133
752507697
261583917
132024410
414418477
183116979
478653459
143824142
209077787
165359061
357285461
363847376
485127138
617302278
331147677
495020135
720323879
902551953
32929209
294127913
926020092
216126561
165701971
515335088
708942945
159592553
426191889
100379261
572950495
940627757
829321594
630117118
985774541
189821927
527934360
769111178
969003311
889052803
626664970
658108247
70845811
752655716
469319199
765235900
698015573
277981524
621725724
391744572
416726458
693612433
824980513
339635354
601666295
372076483
79383555
713539975
968687401
289582067
587887697
971588997
841437446
745412385
897748577
148662423
190777231
580292681
479969383
422861627
951893331
71327559
734990281
242809028
548664698
770445567
24751253
357102612
543347409
35683234
378067881
842543572
622733359
345704937
558272696
205021975
82378764
424157481
60817346
503163139
930926266
9134206
483736036
784561154
495719755
338345433
405461926
441452504
271994834
610073101
804972945
877517975
568230708
241156214
410756156
662494937
511551101
140321847
358675019
510243200
103327844
527824035
207016910
539557470
771074222
339976583
819263550
604085328
529138464
469494369
916216203
680019915
962129221
984535398
488447628
649902213
802055039
228553911
498882536
134430080
891979523
606745918
347967431
831137867
234516524
837139303
624478800
439046696
735304311
964471235
790819682
291849809
440361484
194564715
775816434
807111948
217192755
37495847
923428754
463928266
381423216
730663020
912143207
935978047
710425275
292503720
469080359
357066429
555239330
268163906
211261542
507146738
655959176
178117458
287052892
329701932
98018183
672579408
397001567
967298514
984584738
940902725
684923389
599987645
319595061
614427344
467216661
732580758
790749611
593889237
779074041
468015007
759723147
323119802
209024731
379290251
936277984
725559356
885745062
187497792
761477640
678970084
229075147
650196842
306211078
580473791
833207856
578510755
839049135
607152309
980084982
230204073
82430760
859450801
703843192
558338241
605446496
996317959
410460471
783502357
537369940
305052631
324988052
520310406
207216105
567694785
481488276
901041842
341037759
613228717
952663589
98232307
129423213
378587146
732498608
423587623
342650795
946940206
325142296
882695431
714011400
472716812
690445668
758045362
520474676
790926184
158728433
839448600
436446932
283023616
762796472
26249985
222369217
472348377
770668170
659923397
68876800
357257689
363155651
673055742
160805589
551263578
689370191
161091210
832076333
229605229
314607378
644266843
143176628
341263958
916380778
877147221
693994045
246082059
814341412
187535706
584672955
396161588
368764769
103847504
162850486
680190583
300495249
470259316
967016480
117664611
361698880
711795501
464380734
561064916
163478622
844061019
659633616
937184188
636479329
866213292
213593715
896408082
473568792
612766882
123323829
742746790
52134192
82762604
213301322
956518587
826428344
228722950
965010002
328032354
658003365
502448475
611888206
498660738
173456740
443630317
208253563
333404485
948641024
913707424
119978686
597171264
904037359
988673177
93319528
404796305
149736419
589538394
313958847
380050251
660592568
536040508
389722088
124139462
313477791
999472137
820204344
838238462
266515199
235153804
617305086
398370254
31114511
547117856
642481878
875632933
742742173
425574139
986730455
161606102
130517894
326558672
44505712
770367564
178123314
192586791
181089407
937106473
612530477
345394461
345063609
837090071
736368767
925355640
95354304
926317959
335863576
836481027
323022579
863028008
42738637
843357834
232071357
164035105
314378525
411791169
838048556
879296435
455861633
39159206
318842550
452451027
667133704
190864238
60811677
705997045
498363981
791268321
133114812
37787022
527703748
265683984
352854483
381396557
447732302
423957547
671764293
272757309
698141060
332438980
512929296
194481728
412760283
115548364
125914393
775769844
956311455
711076985
947479852
81361030
587849578
495018982
824846761
693557877
58741029
330033247
502387327
237924979
684713023
713816223
381477491
465882603
509342855
918198644
892838382
931982838
107681303
197745740
994676977
937368810
26821754
990773268
735989677
320741107
195395470
831606747
919878633
829303077
269491699
13407998
875503783
771239695
577356479
544767722
43943227
737050818
59740681
49417510
849166262
756574598
333331008
926073251
598482906
97247518
510190400
574767493
92892352
512333586
120813638
647589373
797037781
763661289
514530791
355715875
858812260
53108435
512192848
895121685
92780822
756539510
106771165
609976480
765563327
859145800
353325256
836265016
224653417
349576374
288586049
797672354
620420518
113293191
252231286
317619474
169322453
133262308
396825651
911398374
706304376
998343673
599435547
312442362
200441668
889472453
160428978
317775092
347618801
869413524
430108576
720285213
914475266
334117960
813000997
953685382
467572022
988483998
937239834
917767361
711002213
697530260
315867491
876782446
130592489
341825270
335563770
254574459
638558934
295391598
874747718
711895455
17999588
911598759
282663078
672360912
369875770
330658693
181910013
651077015
111551125
357572480
16990803
731701992
658882949
786397039
695646988
142129919
291163977
742045750
10480189
436579047
608007546
417795932
273086497
648629162
643117749
538397362
830791099
708873858
40451047
470751138
287695800
613702694
56035302
586785285
581752217
897116923
24092413
424739517
67634640
87475408
416039868
499325516
389195772
531612509
181411761
394954734
806167103
44189478
222035981
724834505
204348746
760768034
525227170
175475783
643468853
409326913
9864793
634697741
123417647
767713996
457068413
993535795
106447639
923783273
565341606
549061671
564279495
395012798
504011412
956667839
23424336
477881863
772219785
315546567
251406377
424979687
521668111
255275646
645143683
887213204
305868290
543110192
732913603
175939385
719829456
367450636
171256062
945253705
416699036
608355544
654548386
296834452
501168792
458874103
675768648
765645584
423126551
453472438
232026423
387411173
905079541
377445805
237651862
446265374
291133392
360692942
455880464
279112008
722978798
945658618
802027973
913016324
630582513
751252880
904748148
529515534
761509518
899090985
195949265
869246782
360912399
425822739
107852269
630217704
45357250
350111727
809769743
798121873
683005707
980873617
942717640
185753604
171878394
605656495
550859161
182469592
692141483
284364225
721506475
504070723
133117082
332626881
532695243
275960368
687879200
546054241
597627801
254815803
176934178
420606747
391040448
485895160
650225559
219658814
854643376
138832648
416299435
181987607
858206290
456231167
228681938
518538031
643313670
102406413
129018523
830416944
704631751
847765658
860068657
185100760
224692914
111127718
150636913
21635533
577577605
428363413
313696486
646013109
247661856
31144187
29341062
520220521
353710939
628694545
745287182
965672373
830715826
835542488
87366918
388568698
145164155
281607382
425837373
617699566
977729941
307767509
603883941
585987603
